
/home/runner/work/exp-cantilever-beam-nitk/exp-cantilever-beam-nitk/experiment/simulation/FreeVibrationCantileverBeam/js/dpi.js
  39:5  error  Parsing error: Identifier 'canvas' has already been declared

/home/runner/work/exp-cantilever-beam-nitk/exp-cantilever-beam-nitk/experiment/simulation/FreeVibrationCantileverBeam/js/jquery-3.6.0.js
     17:44  warning  'module' is not defined                                                    no-undef
     25:5   warning  'module' is not defined                                                    no-undef
    142:13  warning  'Symbol' is already defined as a built-in global variable                  no-redeclare
    717:22  warning  Unexpected control character(s) in regular expression: \x1f, \x1f          no-control-regex
    779:50  warning  Empty block statement                                                      no-empty
   2185:38  warning  Do not access Object.prototype method 'hasOwnProperty' from target object  no-prototype-builtins
   3205:16  warning  Unnecessary escape character: \/                                           no-useless-escape
   3507:52  warning  Empty block statement                                                      no-empty
   4584:21  warning  Empty block statement                                                      no-empty
   5051:28  warning  Unnecessary escape character: \/                                           no-useless-escape
   5268:19  warning  Empty block statement                                                      no-empty
   6564:25  warning  Empty block statement                                                      no-empty
   9171:17  warning  Empty block statement                                                      no-empty
   9819:28  warning  'urlAnchor.href' is assigned to itself                                     no-self-assign
  10269:17  warning  Empty block statement                                                      no-empty
  11162:39  warning  'define' is not defined                                                    no-undef
  11163:5   warning  'define' is not defined                                                    no-undef

/home/runner/work/exp-cantilever-beam-nitk/exp-cantilever-beam-nitk/experiment/simulation/FreeVibrationCantileverBeam/js/jquery-ui.js
      9:39  warning  'define' is not defined                                      no-undef
     11:5   warning  'define' is not defined                                      no-undef
     14:13  warning  'jQuery' is not defined                                      no-undef
     21:7   warning  'version' is assigned a value but never used                 no-unused-vars
    797:7   warning  'widget' is assigned a value but never used                  no-unused-vars
    822:19  warning  Unnecessary escape character: \+                             no-useless-escape
    822:21  warning  Unnecessary escape character: \-                             no-useless-escape
   1365:7   warning  'position' is assigned a value but never used                no-unused-vars
   1381:7   warning  'data' is assigned a value but never used                    no-unused-vars
   1410:7   warning  'disableSelection' is assigned a value but never used        no-unused-vars
   1452:23  warning  Unnecessary escape character: \-                             no-useless-escape
   1462:39  warning  Unnecessary escape character: \%                             no-useless-escape
   1462:63  warning  Unnecessary escape character: \%                             no-useless-escape
   1462:87  warning  Unnecessary escape character: \%                             no-useless-escape
   1499:61  warning  Unnecessary escape character: \%                             no-useless-escape
   1499:85  warning  Unnecessary escape character: \%                             no-useless-escape
   2078:29  warning  Empty block statement                                        no-empty
   3120:63  warning  Empty block statement                                        no-empty
   3156:7   warning  'effectsEffectBlind' is assigned a value but never used      no-unused-vars
   3217:7   warning  'effectsEffectBounce' is assigned a value but never used     no-unused-vars
   3309:7   warning  'effectsEffectClip' is assigned a value but never used       no-unused-vars
   3360:7   warning  'effectsEffectDrop' is assigned a value but never used       no-unused-vars
   3418:7   warning  'effectsEffectExplode' is assigned a value but never used    no-unused-vars
   3523:7   warning  'effectsEffectFade' is assigned a value but never used       no-unused-vars
   3560:7   warning  'effectsEffectFold' is assigned a value but never used       no-unused-vars
   3639:7   warning  'effectsEffectHighlight' is assigned a value but never used  no-unused-vars
   3683:7   warning  'effectsEffectSize' is assigned a value but never used       no-unused-vars
   3884:7   warning  'effectsEffectScale' is assigned a value but never used      no-unused-vars
   3929:7   warning  'effectsEffectPuff' is assigned a value but never used       no-unused-vars
   3957:7   warning  'effectsEffectPulsate' is assigned a value but never used    no-unused-vars
   4007:7   warning  'effectsEffectShake' is assigned a value but never used      no-unused-vars
   4062:7   warning  'effectsEffectSlide' is assigned a value but never used      no-unused-vars
   4127:7   warning  'effect' is already defined                                  no-redeclare
   4133:7   warning  'effectsEffectTransfer' is assigned a value but never used   no-unused-vars
   4209:7   warning  'focusable' is assigned a value but never used               no-unused-vars
   4214:7   warning  'form' is assigned a value but never used                    no-unused-vars
   4234:7   warning  'formResetMixin' is assigned a value but never used          no-unused-vars
   4311:22  warning  Unexpected control character(s) in regular expression: \x1f  no-control-regex
   4369:7   warning  'keycode' is assigned a value but never used                 no-unused-vars
   4402:7   warning  'labels' is assigned a value but never used                  no-unused-vars
   4455:7   warning  'scrollParent' is assigned a value but never used            no-unused-vars
   4492:7   warning  'tabbable' is assigned a value but never used                no-unused-vars
   4516:7   warning  'uniqueId' is assigned a value but never used                no-unused-vars
   4558:7   warning  'widgetsAccordion' is assigned a value but never used        no-unused-vars
   5187:7   warning  'safeActiveElement' is assigned a value but never used       no-unused-vars
   5233:7   warning  'widgetsMenu' is assigned a value but never used             no-unused-vars
   5939:13  warning  Unnecessary escape character: \-                             no-useless-escape
   5939:15  warning  Unnecessary escape character: \[                             no-useless-escape
   5939:30  warning  Unnecessary escape character: \^                             no-useless-escape
   6581:30  warning  Unnecessary escape character: \-                             no-useless-escape
   6581:32  warning  Unnecessary escape character: \[                             no-useless-escape
   6581:47  warning  Unnecessary escape character: \^                             no-useless-escape
   6626:7   warning  'widgetsAutocomplete' is assigned a value but never used     no-unused-vars
   6648:7   warning  'widgetsControlgroup' is assigned a value but never used     no-unused-vars
   7239:7   warning  'widgetsCheckboxradio' is assigned a value but never used    no-unused-vars
   7686:7   warning  'widgetsButton' is assigned a value but never used           no-unused-vars
   7921:51  warning  Unnecessary escape character: \-                             no-useless-escape
   8620:23  warning  Empty block statement                                        no-empty
   9326:18  warning  Unexpected constant condition                                no-constant-condition
   9623:27  warning  Unnecessary escape character: \-                             no-useless-escape
  10293:40  warning  Unnecessary escape character: \-                             no-useless-escape
  10295:32  warning  Unnecessary escape character: \-                             no-useless-escape
  10435:35  warning  Unnecessary escape character: \-                             no-useless-escape
  10438:35  warning  Unnecessary escape character: \-                             no-useless-escape
  10603:7   warning  'widgetsDatepicker' is assigned a value but never used       no-unused-vars
  10606:7   warning  'ie' is assigned a value but never used                      no-unused-vars
  10627:7   warning  'widgetsMouse' is assigned a value but never used            no-unused-vars
  10835:7   warning  'plugin' is assigned a value but never used                  no-unused-vars
  10868:7   warning  'safeBlur' is assigned a value but never used                no-unused-vars
  12169:7   warning  'widgetsDraggable' is assigned a value but never used        no-unused-vars
  13428:7   warning  'widgetsResizable' is assigned a value but never used        no-unused-vars
  14383:7   warning  'widgetsDialog' is assigned a value but never used           no-unused-vars
  14902:7   warning  'widgetsDroppable' is assigned a value but never used        no-unused-vars
  14924:7   warning  'widgetsProgressbar' is assigned a value but never used      no-unused-vars
  15081:7   warning  'widgetsSelectable' is assigned a value but never used       no-unused-vars
  15399:7   warning  'widgetsSelectmenu' is assigned a value but never used       no-unused-vars
  16098:7   warning  'widgetsSlider' is assigned a value but never used           no-unused-vars
  16890:7   warning  'widgetsSortable' is assigned a value but never used         no-unused-vars
  17501:33  warning  Unnecessary escape character: \-                             no-useless-escape
  19078:15  warning  'Globalize' is not defined                                   no-undef
  19089:11  warning  'Globalize' is not defined                                   no-undef
  19209:7   warning  'widgetsSpinner' is assigned a value but never used          no-unused-vars
  19265:25  warning  Empty block statement                                        no-empty
  19268:25  warning  Empty block statement                                        no-empty
  19507:38  warning  Unnecessary escape character: \/                             no-useless-escape
  19507:47  warning  Unnecessary escape character: \[                             no-useless-escape
  19507:51  warning  Unnecessary escape character: \^                             no-useless-escape
  20132:7   warning  'widgetsTabs' is assigned a value but never used             no-unused-vars
  20643:7   warning  'widgetsTooltip' is assigned a value but never used          no-unused-vars

/home/runner/work/exp-cantilever-beam-nitk/exp-cantilever-beam-nitk/experiment/simulation/FreeVibrationCantileverBeam/js/jquery.ui.touch-punch.js
  174:4  warning  'jQuery' is not defined  no-undef

/home/runner/work/exp-cantilever-beam-nitk/exp-cantilever-beam-nitk/experiment/simulation/FreeVibrationCantileverBeam/js/jquery.ui.touch-punch.min.js
  81:4  warning  'jQuery' is not defined  no-undef

/home/runner/work/exp-cantilever-beam-nitk/exp-cantilever-beam-nitk/experiment/simulation/FreeVibrationCantileverBeam/js/script.js
  161:10  warning  'startsim' is defined but never used          no-unused-vars
  167:10  warning  'simstate' is defined but never used          no-unused-vars
  197:3   warning  '$' is not defined                            no-undef
  198:3   warning  '$' is not defined                            no-undef
  199:3   warning  '$' is not defined                            no-undef
  200:3   warning  '$' is not defined                            no-undef
  201:3   warning  '$' is not defined                            no-undef
  202:3   warning  '$' is not defined                            no-undef
  203:3   warning  '$' is not defined                            no-undef
  204:3   warning  '$' is not defined                            no-undef
  207:3   warning  '$' is not defined                            no-undef
  208:3   warning  '$' is not defined                            no-undef
  210:3   warning  '$' is not defined                            no-undef
  211:5   warning  '$' is not defined                            no-undef
  215:3   warning  '$' is not defined                            no-undef
  216:5   warning  '$' is not defined                            no-undef
  220:3   warning  '$' is not defined                            no-undef
  224:3   warning  '$' is not defined                            no-undef
  225:3   warning  '$' is not defined                            no-undef
  227:3   warning  '$' is not defined                            no-undef
  228:5   warning  '$' is not defined                            no-undef
  232:3   warning  '$' is not defined                            no-undef
  233:5   warning  '$' is not defined                            no-undef
  237:3   warning  '$' is not defined                            no-undef
  240:3   warning  '$' is not defined                            no-undef
  244:3   warning  '$' is not defined                            no-undef
  245:3   warning  '$' is not defined                            no-undef
  247:3   warning  '$' is not defined                            no-undef
  248:5   warning  '$' is not defined                            no-undef
  252:3   warning  '$' is not defined                            no-undef
  253:5   warning  '$' is not defined                            no-undef
  257:3   warning  '$' is not defined                            no-undef
  260:3   warning  '$' is not defined                            no-undef
  261:3   warning  '$' is not defined                            no-undef
  264:3   warning  '$' is not defined                            no-undef
  264:38  warning  '$' is not defined                            no-undef
  265:3   warning  '$' is not defined                            no-undef
  265:40  warning  '$' is not defined                            no-undef
  266:3   warning  '$' is not defined                            no-undef
  266:38  warning  '$' is not defined                            no-undef
  267:13  warning  '$' is not defined                            no-undef
  268:16  warning  '$' is not defined                            no-undef
  269:18  warning  '$' is not defined                            no-undef
  295:5   warning  '$' is not defined                            no-undef
  296:5   warning  '$' is not defined                            no-undef
  297:5   warning  '$' is not defined                            no-undef
  298:5   warning  '$' is not defined                            no-undef
  299:5   warning  '$' is not defined                            no-undef
  300:5   warning  '$' is not defined                            no-undef
  301:5   warning  '$' is not defined                            no-undef
  302:5   warning  '$' is not defined                            no-undef
  309:5   warning  '$' is not defined                            no-undef
  310:5   warning  '$' is not defined                            no-undef
  311:5   warning  '$' is not defined                            no-undef
  312:5   warning  '$' is not defined                            no-undef
  313:5   warning  '$' is not defined                            no-undef
  314:5   warning  '$' is not defined                            no-undef
  315:5   warning  '$' is not defined                            no-undef
  316:5   warning  '$' is not defined                            no-undef
  417:7   warning  'graph1X' is assigned a value but never used  no-unused-vars
  451:7   warning  'graph2X' is assigned a value but never used  no-unused-vars
  492:10  warning  'plotgraph' is defined but never used         no-unused-vars
  535:5   warning  '$' is not defined                            no-undef
  538:13  warning  '$' is not defined                            no-undef
  542:5   warning  '$' is not defined                            no-undef
  545:13  warning  '$' is not defined                            no-undef
  570:10  warning  'validateNumber' is defined but never used    no-unused-vars

/home/runner/work/exp-cantilever-beam-nitk/exp-cantilever-beam-nitk/experiment/simulation/FreeVibrationCantileverBeam1/js/dpi.js
  39:5  error  Parsing error: Identifier 'canvas' has already been declared

/home/runner/work/exp-cantilever-beam-nitk/exp-cantilever-beam-nitk/experiment/simulation/FreeVibrationCantileverBeam1/js/jquery-3.6.0.js
     17:44  warning  'module' is not defined                                                    no-undef
     25:5   warning  'module' is not defined                                                    no-undef
    142:13  warning  'Symbol' is already defined as a built-in global variable                  no-redeclare
    717:22  warning  Unexpected control character(s) in regular expression: \x1f, \x1f          no-control-regex
    779:50  warning  Empty block statement                                                      no-empty
   2185:38  warning  Do not access Object.prototype method 'hasOwnProperty' from target object  no-prototype-builtins
   3205:16  warning  Unnecessary escape character: \/                                           no-useless-escape
   3507:52  warning  Empty block statement                                                      no-empty
   4584:21  warning  Empty block statement                                                      no-empty
   5051:28  warning  Unnecessary escape character: \/                                           no-useless-escape
   5268:19  warning  Empty block statement                                                      no-empty
   6564:25  warning  Empty block statement                                                      no-empty
   9171:17  warning  Empty block statement                                                      no-empty
   9819:28  warning  'urlAnchor.href' is assigned to itself                                     no-self-assign
  10269:17  warning  Empty block statement                                                      no-empty
  11162:39  warning  'define' is not defined                                                    no-undef
  11163:5   warning  'define' is not defined                                                    no-undef

/home/runner/work/exp-cantilever-beam-nitk/exp-cantilever-beam-nitk/experiment/simulation/FreeVibrationCantileverBeam1/js/jquery-ui.js
      9:39  warning  'define' is not defined                                      no-undef
     11:5   warning  'define' is not defined                                      no-undef
     14:13  warning  'jQuery' is not defined                                      no-undef
     21:7   warning  'version' is assigned a value but never used                 no-unused-vars
    797:7   warning  'widget' is assigned a value but never used                  no-unused-vars
    822:19  warning  Unnecessary escape character: \+                             no-useless-escape
    822:21  warning  Unnecessary escape character: \-                             no-useless-escape
   1365:7   warning  'position' is assigned a value but never used                no-unused-vars
   1381:7   warning  'data' is assigned a value but never used                    no-unused-vars
   1410:7   warning  'disableSelection' is assigned a value but never used        no-unused-vars
   1452:23  warning  Unnecessary escape character: \-                             no-useless-escape
   1462:39  warning  Unnecessary escape character: \%                             no-useless-escape
   1462:63  warning  Unnecessary escape character: \%                             no-useless-escape
   1462:87  warning  Unnecessary escape character: \%                             no-useless-escape
   1499:61  warning  Unnecessary escape character: \%                             no-useless-escape
   1499:85  warning  Unnecessary escape character: \%                             no-useless-escape
   2078:29  warning  Empty block statement                                        no-empty
   3120:63  warning  Empty block statement                                        no-empty
   3156:7   warning  'effectsEffectBlind' is assigned a value but never used      no-unused-vars
   3217:7   warning  'effectsEffectBounce' is assigned a value but never used     no-unused-vars
   3309:7   warning  'effectsEffectClip' is assigned a value but never used       no-unused-vars
   3360:7   warning  'effectsEffectDrop' is assigned a value but never used       no-unused-vars
   3418:7   warning  'effectsEffectExplode' is assigned a value but never used    no-unused-vars
   3523:7   warning  'effectsEffectFade' is assigned a value but never used       no-unused-vars
   3560:7   warning  'effectsEffectFold' is assigned a value but never used       no-unused-vars
   3639:7   warning  'effectsEffectHighlight' is assigned a value but never used  no-unused-vars
   3683:7   warning  'effectsEffectSize' is assigned a value but never used       no-unused-vars
   3884:7   warning  'effectsEffectScale' is assigned a value but never used      no-unused-vars
   3929:7   warning  'effectsEffectPuff' is assigned a value but never used       no-unused-vars
   3957:7   warning  'effectsEffectPulsate' is assigned a value but never used    no-unused-vars
   4007:7   warning  'effectsEffectShake' is assigned a value but never used      no-unused-vars
   4062:7   warning  'effectsEffectSlide' is assigned a value but never used      no-unused-vars
   4127:7   warning  'effect' is already defined                                  no-redeclare
   4133:7   warning  'effectsEffectTransfer' is assigned a value but never used   no-unused-vars
   4209:7   warning  'focusable' is assigned a value but never used               no-unused-vars
   4214:7   warning  'form' is assigned a value but never used                    no-unused-vars
   4234:7   warning  'formResetMixin' is assigned a value but never used          no-unused-vars
   4311:22  warning  Unexpected control character(s) in regular expression: \x1f  no-control-regex
   4369:7   warning  'keycode' is assigned a value but never used                 no-unused-vars
   4402:7   warning  'labels' is assigned a value but never used                  no-unused-vars
   4455:7   warning  'scrollParent' is assigned a value but never used            no-unused-vars
   4492:7   warning  'tabbable' is assigned a value but never used                no-unused-vars
   4516:7   warning  'uniqueId' is assigned a value but never used                no-unused-vars
   4558:7   warning  'widgetsAccordion' is assigned a value but never used        no-unused-vars
   5187:7   warning  'safeActiveElement' is assigned a value but never used       no-unused-vars
   5233:7   warning  'widgetsMenu' is assigned a value but never used             no-unused-vars
   5939:13  warning  Unnecessary escape character: \-                             no-useless-escape
   5939:15  warning  Unnecessary escape character: \[                             no-useless-escape
   5939:30  warning  Unnecessary escape character: \^                             no-useless-escape
   6581:30  warning  Unnecessary escape character: \-                             no-useless-escape
   6581:32  warning  Unnecessary escape character: \[                             no-useless-escape
   6581:47  warning  Unnecessary escape character: \^                             no-useless-escape
   6626:7   warning  'widgetsAutocomplete' is assigned a value but never used     no-unused-vars
   6648:7   warning  'widgetsControlgroup' is assigned a value but never used     no-unused-vars
   7239:7   warning  'widgetsCheckboxradio' is assigned a value but never used    no-unused-vars
   7686:7   warning  'widgetsButton' is assigned a value but never used           no-unused-vars
   7921:51  warning  Unnecessary escape character: \-                             no-useless-escape
   8620:23  warning  Empty block statement                                        no-empty
   9326:18  warning  Unexpected constant condition                                no-constant-condition
   9623:27  warning  Unnecessary escape character: \-                             no-useless-escape
  10293:40  warning  Unnecessary escape character: \-                             no-useless-escape
  10295:32  warning  Unnecessary escape character: \-                             no-useless-escape
  10435:35  warning  Unnecessary escape character: \-                             no-useless-escape
  10438:35  warning  Unnecessary escape character: \-                             no-useless-escape
  10603:7   warning  'widgetsDatepicker' is assigned a value but never used       no-unused-vars
  10606:7   warning  'ie' is assigned a value but never used                      no-unused-vars
  10627:7   warning  'widgetsMouse' is assigned a value but never used            no-unused-vars
  10835:7   warning  'plugin' is assigned a value but never used                  no-unused-vars
  10868:7   warning  'safeBlur' is assigned a value but never used                no-unused-vars
  12169:7   warning  'widgetsDraggable' is assigned a value but never used        no-unused-vars
  13428:7   warning  'widgetsResizable' is assigned a value but never used        no-unused-vars
  14383:7   warning  'widgetsDialog' is assigned a value but never used           no-unused-vars
  14902:7   warning  'widgetsDroppable' is assigned a value but never used        no-unused-vars
  14924:7   warning  'widgetsProgressbar' is assigned a value but never used      no-unused-vars
  15081:7   warning  'widgetsSelectable' is assigned a value but never used       no-unused-vars
  15399:7   warning  'widgetsSelectmenu' is assigned a value but never used       no-unused-vars
  16098:7   warning  'widgetsSlider' is assigned a value but never used           no-unused-vars
  16890:7   warning  'widgetsSortable' is assigned a value but never used         no-unused-vars
  17501:33  warning  Unnecessary escape character: \-                             no-useless-escape
  19078:15  warning  'Globalize' is not defined                                   no-undef
  19089:11  warning  'Globalize' is not defined                                   no-undef
  19209:7   warning  'widgetsSpinner' is assigned a value but never used          no-unused-vars
  19265:25  warning  Empty block statement                                        no-empty
  19268:25  warning  Empty block statement                                        no-empty
  19507:38  warning  Unnecessary escape character: \/                             no-useless-escape
  19507:47  warning  Unnecessary escape character: \[                             no-useless-escape
  19507:51  warning  Unnecessary escape character: \^                             no-useless-escape
  20132:7   warning  'widgetsTabs' is assigned a value but never used             no-unused-vars
  20643:7   warning  'widgetsTooltip' is assigned a value but never used          no-unused-vars

/home/runner/work/exp-cantilever-beam-nitk/exp-cantilever-beam-nitk/experiment/simulation/FreeVibrationCantileverBeam1/js/jquery.ui.touch-punch.js
  174:4  warning  'jQuery' is not defined  no-undef

/home/runner/work/exp-cantilever-beam-nitk/exp-cantilever-beam-nitk/experiment/simulation/FreeVibrationCantileverBeam1/js/jquery.ui.touch-punch.min.js
  81:4  warning  'jQuery' is not defined  no-undef

/home/runner/work/exp-cantilever-beam-nitk/exp-cantilever-beam-nitk/experiment/simulation/FreeVibrationCantileverBeam1/js/script.js
    2:5   warning  'beaminf' is assigned a value but never used             no-unused-vars
   46:7   warning  'coordinatesElement' is assigned a value but never used  no-unused-vars
   65:7   warning  'cirTooltip1' is assigned a value but never used         no-unused-vars
   84:5   warning  'xaxis' is defined but never used                        no-unused-vars
   88:10  warning  'startsim' is defined but never used                     no-unused-vars
   92:10  warning  'simstate' is defined but never used                     no-unused-vars
  126:3   warning  '$' is not defined                                       no-undef
  128:35  warning  '$' is not defined                                       no-undef
  280:7   warning  'graph1X' is assigned a value but never used             no-unused-vars
  345:7   warning  'graph2X' is assigned a value but never used             no-unused-vars
  402:14  warning  'y' is assigned a value but never used                   no-unused-vars
  439:11  warning  'toggleImg' is defined but never used                    no-unused-vars
  460:1   warning  '$' is not defined                                       no-undef
  463:10  warning  'checkans' is defined but never used                     no-unused-vars
  477:10  warning  'plotgraph' is defined but never used                    no-unused-vars
  494:10  warning  'changescreen1' is defined but never used                no-unused-vars
  521:7   warning  'selectSection' is assigned a value but never used       no-unused-vars
  526:22  warning  'beamInfo' is not defined                                no-undef
  527:34  warning  'beamInfo' is not defined                                no-undef
  550:5   warning  '$' is not defined                                       no-undef
  553:13  warning  '$' is not defined                                       no-undef
  557:5   warning  '$' is not defined                                       no-undef
  560:13  warning  '$' is not defined                                       no-undef
  566:10  warning  'randomize' is defined but never used                    no-unused-vars
  653:7   warning  'selectMaterial' is assigned a value but never used      no-unused-vars
  655:32  warning  'matInfo' is not defined                                 no-undef

/home/runner/work/exp-cantilever-beam-nitk/exp-cantilever-beam-nitk/experiment/simulation/FreeVibrationCantileverBeam2/js/dpi.js
  39:5  error  Parsing error: Identifier 'canvas' has already been declared

/home/runner/work/exp-cantilever-beam-nitk/exp-cantilever-beam-nitk/experiment/simulation/FreeVibrationCantileverBeam2/js/jquery-3.6.0.js
     17:44  warning  'module' is not defined                                                    no-undef
     25:5   warning  'module' is not defined                                                    no-undef
    142:13  warning  'Symbol' is already defined as a built-in global variable                  no-redeclare
    717:22  warning  Unexpected control character(s) in regular expression: \x1f, \x1f          no-control-regex
    779:50  warning  Empty block statement                                                      no-empty
   2185:38  warning  Do not access Object.prototype method 'hasOwnProperty' from target object  no-prototype-builtins
   3205:16  warning  Unnecessary escape character: \/                                           no-useless-escape
   3507:52  warning  Empty block statement                                                      no-empty
   4584:21  warning  Empty block statement                                                      no-empty
   5051:28  warning  Unnecessary escape character: \/                                           no-useless-escape
   5268:19  warning  Empty block statement                                                      no-empty
   6564:25  warning  Empty block statement                                                      no-empty
   9171:17  warning  Empty block statement                                                      no-empty
   9819:28  warning  'urlAnchor.href' is assigned to itself                                     no-self-assign
  10269:17  warning  Empty block statement                                                      no-empty
  11162:39  warning  'define' is not defined                                                    no-undef
  11163:5   warning  'define' is not defined                                                    no-undef

/home/runner/work/exp-cantilever-beam-nitk/exp-cantilever-beam-nitk/experiment/simulation/FreeVibrationCantileverBeam2/js/jquery-ui.js
      9:39  warning  'define' is not defined                                      no-undef
     11:5   warning  'define' is not defined                                      no-undef
     14:13  warning  'jQuery' is not defined                                      no-undef
     21:7   warning  'version' is assigned a value but never used                 no-unused-vars
    797:7   warning  'widget' is assigned a value but never used                  no-unused-vars
    822:19  warning  Unnecessary escape character: \+                             no-useless-escape
    822:21  warning  Unnecessary escape character: \-                             no-useless-escape
   1365:7   warning  'position' is assigned a value but never used                no-unused-vars
   1381:7   warning  'data' is assigned a value but never used                    no-unused-vars
   1410:7   warning  'disableSelection' is assigned a value but never used        no-unused-vars
   1452:23  warning  Unnecessary escape character: \-                             no-useless-escape
   1462:39  warning  Unnecessary escape character: \%                             no-useless-escape
   1462:63  warning  Unnecessary escape character: \%                             no-useless-escape
   1462:87  warning  Unnecessary escape character: \%                             no-useless-escape
   1499:61  warning  Unnecessary escape character: \%                             no-useless-escape
   1499:85  warning  Unnecessary escape character: \%                             no-useless-escape
   2078:29  warning  Empty block statement                                        no-empty
   3120:63  warning  Empty block statement                                        no-empty
   3156:7   warning  'effectsEffectBlind' is assigned a value but never used      no-unused-vars
   3217:7   warning  'effectsEffectBounce' is assigned a value but never used     no-unused-vars
   3309:7   warning  'effectsEffectClip' is assigned a value but never used       no-unused-vars
   3360:7   warning  'effectsEffectDrop' is assigned a value but never used       no-unused-vars
   3418:7   warning  'effectsEffectExplode' is assigned a value but never used    no-unused-vars
   3523:7   warning  'effectsEffectFade' is assigned a value but never used       no-unused-vars
   3560:7   warning  'effectsEffectFold' is assigned a value but never used       no-unused-vars
   3639:7   warning  'effectsEffectHighlight' is assigned a value but never used  no-unused-vars
   3683:7   warning  'effectsEffectSize' is assigned a value but never used       no-unused-vars
   3884:7   warning  'effectsEffectScale' is assigned a value but never used      no-unused-vars
   3929:7   warning  'effectsEffectPuff' is assigned a value but never used       no-unused-vars
   3957:7   warning  'effectsEffectPulsate' is assigned a value but never used    no-unused-vars
   4007:7   warning  'effectsEffectShake' is assigned a value but never used      no-unused-vars
   4062:7   warning  'effectsEffectSlide' is assigned a value but never used      no-unused-vars
   4127:7   warning  'effect' is already defined                                  no-redeclare
   4133:7   warning  'effectsEffectTransfer' is assigned a value but never used   no-unused-vars
   4209:7   warning  'focusable' is assigned a value but never used               no-unused-vars
   4214:7   warning  'form' is assigned a value but never used                    no-unused-vars
   4234:7   warning  'formResetMixin' is assigned a value but never used          no-unused-vars
   4311:22  warning  Unexpected control character(s) in regular expression: \x1f  no-control-regex
   4369:7   warning  'keycode' is assigned a value but never used                 no-unused-vars
   4402:7   warning  'labels' is assigned a value but never used                  no-unused-vars
   4455:7   warning  'scrollParent' is assigned a value but never used            no-unused-vars
   4492:7   warning  'tabbable' is assigned a value but never used                no-unused-vars
   4516:7   warning  'uniqueId' is assigned a value but never used                no-unused-vars
   4558:7   warning  'widgetsAccordion' is assigned a value but never used        no-unused-vars
   5187:7   warning  'safeActiveElement' is assigned a value but never used       no-unused-vars
   5233:7   warning  'widgetsMenu' is assigned a value but never used             no-unused-vars
   5939:13  warning  Unnecessary escape character: \-                             no-useless-escape
   5939:15  warning  Unnecessary escape character: \[                             no-useless-escape
   5939:30  warning  Unnecessary escape character: \^                             no-useless-escape
   6581:30  warning  Unnecessary escape character: \-                             no-useless-escape
   6581:32  warning  Unnecessary escape character: \[                             no-useless-escape
   6581:47  warning  Unnecessary escape character: \^                             no-useless-escape
   6626:7   warning  'widgetsAutocomplete' is assigned a value but never used     no-unused-vars
   6648:7   warning  'widgetsControlgroup' is assigned a value but never used     no-unused-vars
   7239:7   warning  'widgetsCheckboxradio' is assigned a value but never used    no-unused-vars
   7686:7   warning  'widgetsButton' is assigned a value but never used           no-unused-vars
   7921:51  warning  Unnecessary escape character: \-                             no-useless-escape
   8620:23  warning  Empty block statement                                        no-empty
   9326:18  warning  Unexpected constant condition                                no-constant-condition
   9623:27  warning  Unnecessary escape character: \-                             no-useless-escape
  10293:40  warning  Unnecessary escape character: \-                             no-useless-escape
  10295:32  warning  Unnecessary escape character: \-                             no-useless-escape
  10435:35  warning  Unnecessary escape character: \-                             no-useless-escape
  10438:35  warning  Unnecessary escape character: \-                             no-useless-escape
  10603:7   warning  'widgetsDatepicker' is assigned a value but never used       no-unused-vars
  10606:7   warning  'ie' is assigned a value but never used                      no-unused-vars
  10627:7   warning  'widgetsMouse' is assigned a value but never used            no-unused-vars
  10835:7   warning  'plugin' is assigned a value but never used                  no-unused-vars
  10868:7   warning  'safeBlur' is assigned a value but never used                no-unused-vars
  12169:7   warning  'widgetsDraggable' is assigned a value but never used        no-unused-vars
  13428:7   warning  'widgetsResizable' is assigned a value but never used        no-unused-vars
  14383:7   warning  'widgetsDialog' is assigned a value but never used           no-unused-vars
  14902:7   warning  'widgetsDroppable' is assigned a value but never used        no-unused-vars
  14924:7   warning  'widgetsProgressbar' is assigned a value but never used      no-unused-vars
  15081:7   warning  'widgetsSelectable' is assigned a value but never used       no-unused-vars
  15399:7   warning  'widgetsSelectmenu' is assigned a value but never used       no-unused-vars
  16098:7   warning  'widgetsSlider' is assigned a value but never used           no-unused-vars
  16890:7   warning  'widgetsSortable' is assigned a value but never used         no-unused-vars
  17501:33  warning  Unnecessary escape character: \-                             no-useless-escape
  19078:15  warning  'Globalize' is not defined                                   no-undef
  19089:11  warning  'Globalize' is not defined                                   no-undef
  19209:7   warning  'widgetsSpinner' is assigned a value but never used          no-unused-vars
  19265:25  warning  Empty block statement                                        no-empty
  19268:25  warning  Empty block statement                                        no-empty
  19507:38  warning  Unnecessary escape character: \/                             no-useless-escape
  19507:47  warning  Unnecessary escape character: \[                             no-useless-escape
  19507:51  warning  Unnecessary escape character: \^                             no-useless-escape
  20132:7   warning  'widgetsTabs' is assigned a value but never used             no-unused-vars
  20643:7   warning  'widgetsTooltip' is assigned a value but never used          no-unused-vars

/home/runner/work/exp-cantilever-beam-nitk/exp-cantilever-beam-nitk/experiment/simulation/FreeVibrationCantileverBeam2/js/jquery.ui.touch-punch.js
  174:4  warning  'jQuery' is not defined  no-undef

/home/runner/work/exp-cantilever-beam-nitk/exp-cantilever-beam-nitk/experiment/simulation/FreeVibrationCantileverBeam2/js/jquery.ui.touch-punch.min.js
  81:4  warning  'jQuery' is not defined  no-undef

/home/runner/work/exp-cantilever-beam-nitk/exp-cantilever-beam-nitk/experiment/simulation/FreeVibrationCantileverBeam2/js/script.js
    1:5   warning  'beaminf' is assigned a value but never used             no-unused-vars
   43:7   warning  'coordinatesElement' is assigned a value but never used  no-unused-vars
   78:5   warning  'xaxis' is defined but never used                        no-unused-vars
   82:10  warning  'startsim' is defined but never used                     no-unused-vars
   86:10  warning  'simstate' is defined but never used                     no-unused-vars
  119:3   warning  '$' is not defined                                       no-undef
  123:23  warning  '$' is not defined                                       no-undef
  271:7   warning  'graph1X' is assigned a value but never used             no-unused-vars
  336:7   warning  'graph2X' is assigned a value but never used             no-unused-vars
  393:14  warning  'y' is assigned a value but never used                   no-unused-vars
  427:10  warning  'toggleImg' is defined but never used                    no-unused-vars
  444:1   warning  '$' is not defined                                       no-undef
  478:10  warning  'plotgraph' is defined but never used                    no-unused-vars
  494:10  warning  'changescreen1' is defined but never used                no-unused-vars
  505:3   warning  'xaxisValue' is assigned a value but never used          no-unused-vars
  515:7   warning  'selectSection' is assigned a value but never used       no-unused-vars
  520:22  warning  'beamInfo' is not defined                                no-undef
  521:34  warning  'beamInfo' is not defined                                no-undef
  544:5   warning  '$' is not defined                                       no-undef
  547:13  warning  '$' is not defined                                       no-undef
  551:5   warning  '$' is not defined                                       no-undef
  554:13  warning  '$' is not defined                                       no-undef
  560:10  warning  'randomize' is defined but never used                    no-unused-vars
  640:7   warning  'selectMaterial' is assigned a value but never used      no-unused-vars
  642:32  warning  'matInfo' is not defined                                 no-undef

/home/runner/work/exp-cantilever-beam-nitk/exp-cantilever-beam-nitk/experiment/simulation/FreeVibrationCantileverBeam3/js/dpi.js
  39:5  error  Parsing error: Identifier 'canvas' has already been declared

/home/runner/work/exp-cantilever-beam-nitk/exp-cantilever-beam-nitk/experiment/simulation/FreeVibrationCantileverBeam3/js/jquery-3.6.0.js
     17:44  warning  'module' is not defined                                                    no-undef
     25:5   warning  'module' is not defined                                                    no-undef
    142:13  warning  'Symbol' is already defined as a built-in global variable                  no-redeclare
    717:22  warning  Unexpected control character(s) in regular expression: \x1f, \x1f          no-control-regex
    779:50  warning  Empty block statement                                                      no-empty
   2185:38  warning  Do not access Object.prototype method 'hasOwnProperty' from target object  no-prototype-builtins
   3205:16  warning  Unnecessary escape character: \/                                           no-useless-escape
   3507:52  warning  Empty block statement                                                      no-empty
   4584:21  warning  Empty block statement                                                      no-empty
   5051:28  warning  Unnecessary escape character: \/                                           no-useless-escape
   5268:19  warning  Empty block statement                                                      no-empty
   6564:25  warning  Empty block statement                                                      no-empty
   9171:17  warning  Empty block statement                                                      no-empty
   9819:28  warning  'urlAnchor.href' is assigned to itself                                     no-self-assign
  10269:17  warning  Empty block statement                                                      no-empty
  11162:39  warning  'define' is not defined                                                    no-undef
  11163:5   warning  'define' is not defined                                                    no-undef

/home/runner/work/exp-cantilever-beam-nitk/exp-cantilever-beam-nitk/experiment/simulation/FreeVibrationCantileverBeam3/js/jquery-ui.js
      9:39  warning  'define' is not defined                                      no-undef
     11:5   warning  'define' is not defined                                      no-undef
     14:13  warning  'jQuery' is not defined                                      no-undef
     21:7   warning  'version' is assigned a value but never used                 no-unused-vars
    797:7   warning  'widget' is assigned a value but never used                  no-unused-vars
    822:19  warning  Unnecessary escape character: \+                             no-useless-escape
    822:21  warning  Unnecessary escape character: \-                             no-useless-escape
   1365:7   warning  'position' is assigned a value but never used                no-unused-vars
   1381:7   warning  'data' is assigned a value but never used                    no-unused-vars
   1410:7   warning  'disableSelection' is assigned a value but never used        no-unused-vars
   1452:23  warning  Unnecessary escape character: \-                             no-useless-escape
   1462:39  warning  Unnecessary escape character: \%                             no-useless-escape
   1462:63  warning  Unnecessary escape character: \%                             no-useless-escape
   1462:87  warning  Unnecessary escape character: \%                             no-useless-escape
   1499:61  warning  Unnecessary escape character: \%                             no-useless-escape
   1499:85  warning  Unnecessary escape character: \%                             no-useless-escape
   2078:29  warning  Empty block statement                                        no-empty
   3120:63  warning  Empty block statement                                        no-empty
   3156:7   warning  'effectsEffectBlind' is assigned a value but never used      no-unused-vars
   3217:7   warning  'effectsEffectBounce' is assigned a value but never used     no-unused-vars
   3309:7   warning  'effectsEffectClip' is assigned a value but never used       no-unused-vars
   3360:7   warning  'effectsEffectDrop' is assigned a value but never used       no-unused-vars
   3418:7   warning  'effectsEffectExplode' is assigned a value but never used    no-unused-vars
   3523:7   warning  'effectsEffectFade' is assigned a value but never used       no-unused-vars
   3560:7   warning  'effectsEffectFold' is assigned a value but never used       no-unused-vars
   3639:7   warning  'effectsEffectHighlight' is assigned a value but never used  no-unused-vars
   3683:7   warning  'effectsEffectSize' is assigned a value but never used       no-unused-vars
   3884:7   warning  'effectsEffectScale' is assigned a value but never used      no-unused-vars
   3929:7   warning  'effectsEffectPuff' is assigned a value but never used       no-unused-vars
   3957:7   warning  'effectsEffectPulsate' is assigned a value but never used    no-unused-vars
   4007:7   warning  'effectsEffectShake' is assigned a value but never used      no-unused-vars
   4062:7   warning  'effectsEffectSlide' is assigned a value but never used      no-unused-vars
   4127:7   warning  'effect' is already defined                                  no-redeclare
   4133:7   warning  'effectsEffectTransfer' is assigned a value but never used   no-unused-vars
   4209:7   warning  'focusable' is assigned a value but never used               no-unused-vars
   4214:7   warning  'form' is assigned a value but never used                    no-unused-vars
   4234:7   warning  'formResetMixin' is assigned a value but never used          no-unused-vars
   4311:22  warning  Unexpected control character(s) in regular expression: \x1f  no-control-regex
   4369:7   warning  'keycode' is assigned a value but never used                 no-unused-vars
   4402:7   warning  'labels' is assigned a value but never used                  no-unused-vars
   4455:7   warning  'scrollParent' is assigned a value but never used            no-unused-vars
   4492:7   warning  'tabbable' is assigned a value but never used                no-unused-vars
   4516:7   warning  'uniqueId' is assigned a value but never used                no-unused-vars
   4558:7   warning  'widgetsAccordion' is assigned a value but never used        no-unused-vars
   5187:7   warning  'safeActiveElement' is assigned a value but never used       no-unused-vars
   5233:7   warning  'widgetsMenu' is assigned a value but never used             no-unused-vars
   5939:13  warning  Unnecessary escape character: \-                             no-useless-escape
   5939:15  warning  Unnecessary escape character: \[                             no-useless-escape
   5939:30  warning  Unnecessary escape character: \^                             no-useless-escape
   6581:30  warning  Unnecessary escape character: \-                             no-useless-escape
   6581:32  warning  Unnecessary escape character: \[                             no-useless-escape
   6581:47  warning  Unnecessary escape character: \^                             no-useless-escape
   6626:7   warning  'widgetsAutocomplete' is assigned a value but never used     no-unused-vars
   6648:7   warning  'widgetsControlgroup' is assigned a value but never used     no-unused-vars
   7239:7   warning  'widgetsCheckboxradio' is assigned a value but never used    no-unused-vars
   7686:7   warning  'widgetsButton' is assigned a value but never used           no-unused-vars
   7921:51  warning  Unnecessary escape character: \-                             no-useless-escape
   8620:23  warning  Empty block statement                                        no-empty
   9326:18  warning  Unexpected constant condition                                no-constant-condition
   9623:27  warning  Unnecessary escape character: \-                             no-useless-escape
  10293:40  warning  Unnecessary escape character: \-                             no-useless-escape
  10295:32  warning  Unnecessary escape character: \-                             no-useless-escape
  10435:35  warning  Unnecessary escape character: \-                             no-useless-escape
  10438:35  warning  Unnecessary escape character: \-                             no-useless-escape
  10603:7   warning  'widgetsDatepicker' is assigned a value but never used       no-unused-vars
  10606:7   warning  'ie' is assigned a value but never used                      no-unused-vars
  10627:7   warning  'widgetsMouse' is assigned a value but never used            no-unused-vars
  10835:7   warning  'plugin' is assigned a value but never used                  no-unused-vars
  10868:7   warning  'safeBlur' is assigned a value but never used                no-unused-vars
  12169:7   warning  'widgetsDraggable' is assigned a value but never used        no-unused-vars
  13428:7   warning  'widgetsResizable' is assigned a value but never used        no-unused-vars
  14383:7   warning  'widgetsDialog' is assigned a value but never used           no-unused-vars
  14902:7   warning  'widgetsDroppable' is assigned a value but never used        no-unused-vars
  14924:7   warning  'widgetsProgressbar' is assigned a value but never used      no-unused-vars
  15081:7   warning  'widgetsSelectable' is assigned a value but never used       no-unused-vars
  15399:7   warning  'widgetsSelectmenu' is assigned a value but never used       no-unused-vars
  16098:7   warning  'widgetsSlider' is assigned a value but never used           no-unused-vars
  16890:7   warning  'widgetsSortable' is assigned a value but never used         no-unused-vars
  17501:33  warning  Unnecessary escape character: \-                             no-useless-escape
  19078:15  warning  'Globalize' is not defined                                   no-undef
  19089:11  warning  'Globalize' is not defined                                   no-undef
  19209:7   warning  'widgetsSpinner' is assigned a value but never used          no-unused-vars
  19265:25  warning  Empty block statement                                        no-empty
  19268:25  warning  Empty block statement                                        no-empty
  19507:38  warning  Unnecessary escape character: \/                             no-useless-escape
  19507:47  warning  Unnecessary escape character: \[                             no-useless-escape
  19507:51  warning  Unnecessary escape character: \^                             no-useless-escape
  20132:7   warning  'widgetsTabs' is assigned a value but never used             no-unused-vars
  20643:7   warning  'widgetsTooltip' is assigned a value but never used          no-unused-vars

/home/runner/work/exp-cantilever-beam-nitk/exp-cantilever-beam-nitk/experiment/simulation/FreeVibrationCantileverBeam3/js/jquery.ui.touch-punch.js
  174:4  warning  'jQuery' is not defined  no-undef

/home/runner/work/exp-cantilever-beam-nitk/exp-cantilever-beam-nitk/experiment/simulation/FreeVibrationCantileverBeam3/js/jquery.ui.touch-punch.min.js
  81:4  warning  'jQuery' is not defined  no-undef

/home/runner/work/exp-cantilever-beam-nitk/exp-cantilever-beam-nitk/experiment/simulation/FreeVibrationCantileverBeam3/js/script.js
    1:5   warning  'beaminf' is assigned a value but never used             no-unused-vars
   43:7   warning  'coordinatesElement' is assigned a value but never used  no-unused-vars
   78:5   warning  'xaxis' is defined but never used                        no-unused-vars
   82:10  warning  'startsim' is defined but never used                     no-unused-vars
   86:10  warning  'simstate' is defined but never used                     no-unused-vars
  119:3   warning  '$' is not defined                                       no-undef
  123:23  warning  '$' is not defined                                       no-undef
  265:7   warning  'graph1X' is assigned a value but never used             no-unused-vars
  333:7   warning  'graph2X' is assigned a value but never used             no-unused-vars
  391:14  warning  'y' is assigned a value but never used                   no-unused-vars
  408:10  warning  'toggleImg' is defined but never used                    no-unused-vars
  425:1   warning  '$' is not defined                                       no-undef
  428:10  warning  'checkans' is defined but never used                     no-unused-vars
  442:10  warning  'plotgraph' is defined but never used                    no-unused-vars
  458:10  warning  'changescreen1' is defined but never used                no-unused-vars
  467:3   warning  'xaxisValue' is assigned a value but never used          no-unused-vars
  475:7   warning  'selectSection' is assigned a value but never used       no-unused-vars
  480:22  warning  'beamInfo' is not defined                                no-undef
  481:34  warning  'beamInfo' is not defined                                no-undef
  504:5   warning  '$' is not defined                                       no-undef
  507:13  warning  '$' is not defined                                       no-undef
  511:5   warning  '$' is not defined                                       no-undef
  514:13  warning  '$' is not defined                                       no-undef
  520:10  warning  'randomize' is defined but never used                    no-unused-vars
  597:7   warning  'selectMaterial' is assigned a value but never used      no-unused-vars
  599:32  warning  'matInfo' is not defined                                 no-undef
  614:10  warning  'validateNumber' is defined but never used               no-unused-vars

 581 problems (4 errors, 577 warnings)

